1660199594910	geckodriver	INFO	Listening on 127.0.0.1:61338
1660199595424	mozrunner::runner	INFO	Running command: "/Applications/Firefox.app/Contents/MacOS/firefox-bin" "--marionette" "--remote-debugging-port" "61339" "--remote-allow-hosts" "localhost" "-foreground" "-no-remote" "-profile" "/var/folders/g0/1qsnn1dn32j3fn1f6jf09wlnw06z6p/T/rust_mozprofileEYZHOZ"
1660199596112	Marionette	INFO	Marionette enabled
1660199596195	Marionette	INFO	Listening on port 61348
WebDriver BiDi listening on ws://localhost:61339
Read port: 61348
1660199596659	RemoteAgent	WARN	TLS certificate errors will be ignored for this session
console.warn: SearchSettings: "get: No settings file exists, new profile?" (new NotFoundError("Could not open the file at /var/folders/g0/1qsnn1dn32j3fn1f6jf09wlnw06z6p/T/rust_mozprofileEYZHOZ/search.json.mozlz4", (void 0)))
DevTools listening on ws://localhost:61339/devtools/browser/b6034d88-ff8e-41be-94e5-9e7625037b99
1660199600057	Marionette	WARN	TimedPromise timed out after 500 ms: stacktrace:
TimedPromise/<@chrome://remote/content/marionette/sync.js:237:24
TimedPromise@chrome://remote/content/marionette/sync.js:222:10
interaction.flushEventLoop@chrome://remote/content/marionette/interaction.js:431:10
webdriverClickElement@chrome://remote/content/marionette/interaction.js:179:31
1660199601344	Marionette	WARN	TimedPromise timed out after 500 ms: stacktrace:
TimedPromise/<@chrome://remote/content/marionette/sync.js:237:24
TimedPromise@chrome://remote/content/marionette/sync.js:222:10
interaction.flushEventLoop@chrome://remote/content/marionette/interaction.js:431:10
webdriverClickElement@chrome://remote/content/marionette/interaction.js:179:31
1660199603993	Marionette	WARN	Ignoring event 'DOMContentLoaded' because document has an invalid readyState of 'complete'.
1660199606158	Marionette	WARN	TimedPromise timed out after 500 ms: stacktrace:
TimedPromise/<@chrome://remote/content/marionette/sync.js:237:24
TimedPromise@chrome://remote/content/marionette/sync.js:222:10
interaction.flushEventLoop@chrome://remote/content/marionette/interaction.js:431:10
webdriverClickElement@chrome://remote/content/marionette/interaction.js:179:31
1660199607455	Marionette	WARN	TimedPromise timed out after 500 ms: stacktrace:
TimedPromise/<@chrome://remote/content/marionette/sync.js:237:24
TimedPromise@chrome://remote/content/marionette/sync.js:222:10
interaction.flushEventLoop@chrome://remote/content/marionette/interaction.js:431:10
webdriverClickElement@chrome://remote/content/marionette/interaction.js:179:31
1660199610035	Marionette	INFO	Stopped listening on port 61348
1660199610489	geckodriver	INFO	Listening on 127.0.0.1:61452
1660199611001	mozrunner::runner	INFO	Running command: "/Applications/Firefox.app/Contents/MacOS/firefox-bin" "--marionette" "--remote-debugging-port" "61453" "--remote-allow-hosts" "localhost" "-foreground" "-no-remote" "-profile" "/var/folders/g0/1qsnn1dn32j3fn1f6jf09wlnw06z6p/T/rust_mozprofilezKUkUX"
1660199611658	Marionette	INFO	Marionette enabled
1660199611695	Marionette	INFO	Listening on port 61462
WebDriver BiDi listening on ws://localhost:61453
Read port: 61462
1660199612040	RemoteAgent	WARN	TLS certificate errors will be ignored for this session
console.warn: SearchSettings: "get: No settings file exists, new profile?" (new NotFoundError("Could not open the file at /var/folders/g0/1qsnn1dn32j3fn1f6jf09wlnw06z6p/T/rust_mozprofilezKUkUX/search.json.mozlz4", (void 0)))
DevTools listening on ws://localhost:61453/devtools/browser/251ed9ac-69ee-4c0d-b350-8bf48d71abea
1660199633023	Marionette	INFO	Stopped listening on port 61462
1660219228834	geckodriver	INFO	Listening on 127.0.0.1:64049
1660219229349	mozrunner::runner	INFO	Running command: "/Applications/Firefox.app/Contents/MacOS/firefox-bin" "--marionette" "--remote-debugging-port" "64050" "--remote-allow-hosts" "localhost" "-foreground" "-no-remote" "-profile" "/var/folders/g0/1qsnn1dn32j3fn1f6jf09wlnw06z6p/T/rust_mozprofileDkAlNh"
1660219233052	Marionette	INFO	Marionette enabled
1660219233111	Marionette	INFO	Listening on port 64075
WebDriver BiDi listening on ws://localhost:64050
Read port: 64075
1660219233453	RemoteAgent	WARN	TLS certificate errors will be ignored for this session
console.warn: SearchSettings: "get: No settings file exists, new profile?" (new NotFoundError("Could not open the file at /var/folders/g0/1qsnn1dn32j3fn1f6jf09wlnw06z6p/T/rust_mozprofileDkAlNh/search.json.mozlz4", (void 0)))
DevTools listening on ws://localhost:64050/devtools/browser/149f596c-d0ee-4dd3-b0f1-6d4735a91fc8
1660219237851	Marionette	WARN	TimedPromise timed out after 500 ms: stacktrace:
TimedPromise/<@chrome://remote/content/marionette/sync.js:237:24
TimedPromise@chrome://remote/content/marionette/sync.js:222:10
interaction.flushEventLoop@chrome://remote/content/marionette/interaction.js:431:10
webdriverClickElement@chrome://remote/content/marionette/interaction.js:179:31
1660219239147	Marionette	WARN	TimedPromise timed out after 500 ms: stacktrace:
TimedPromise/<@chrome://remote/content/marionette/sync.js:237:24
TimedPromise@chrome://remote/content/marionette/sync.js:222:10
interaction.flushEventLoop@chrome://remote/content/marionette/interaction.js:431:10
webdriverClickElement@chrome://remote/content/marionette/interaction.js:179:31
1660219242369	Marionette	WARN	Ignoring event 'DOMContentLoaded' because document has an invalid readyState of 'complete'.
1660219244672	Marionette	WARN	TimedPromise timed out after 500 ms: stacktrace:
TimedPromise/<@chrome://remote/content/marionette/sync.js:237:24
TimedPromise@chrome://remote/content/marionette/sync.js:222:10
interaction.flushEventLoop@chrome://remote/content/marionette/interaction.js:431:10
webdriverClickElement@chrome://remote/content/marionette/interaction.js:179:31
1660219245972	Marionette	WARN	TimedPromise timed out after 500 ms: stacktrace:
TimedPromise/<@chrome://remote/content/marionette/sync.js:237:24
TimedPromise@chrome://remote/content/marionette/sync.js:222:10
interaction.flushEventLoop@chrome://remote/content/marionette/interaction.js:431:10
webdriverClickElement@chrome://remote/content/marionette/interaction.js:179:31
1660219249056	Marionette	INFO	Stopped listening on port 64075
1660219249711	geckodriver	INFO	Listening on 127.0.0.1:64234
1660219250237	mozrunner::runner	INFO	Running command: "/Applications/Firefox.app/Contents/MacOS/firefox-bin" "--marionette" "--remote-debugging-port" "64235" "--remote-allow-hosts" "localhost" "-foreground" "-no-remote" "-profile" "/var/folders/g0/1qsnn1dn32j3fn1f6jf09wlnw06z6p/T/rust_mozprofileFbqqD5"
1660219251089	Marionette	INFO	Marionette enabled
1660219251141	Marionette	INFO	Listening on port 64246
WebDriver BiDi listening on ws://localhost:64235
Read port: 64246
1660219251933	RemoteAgent	WARN	TLS certificate errors will be ignored for this session
console.warn: SearchSettings: "get: No settings file exists, new profile?" (new NotFoundError("Could not open the file at /var/folders/g0/1qsnn1dn32j3fn1f6jf09wlnw06z6p/T/rust_mozprofileFbqqD5/search.json.mozlz4", (void 0)))
DevTools listening on ws://localhost:64235/devtools/browser/354a6095-1c89-4c34-903b-cda630953a85
1660219273051	Marionette	INFO	Stopped listening on port 64246
